0 info it worked if it ends with ok
1 verbose cli [ '/home/vagrant/.nvm/versions/node/v6.7.0/bin/node',
1 verbose cli   '/home/vagrant/.nvm/versions/node/v6.7.0/bin/npm',
1 verbose cli   'run',
1 verbose cli   'lint' ]
2 info using npm@3.10.3
3 info using node@v6.7.0
4 verbose run-script [ 'prelint', 'lint', 'postlint' ]
5 info lifecycle helic-script-resources@1.0.0~prelint: helic-script-resources@1.0.0
6 silly lifecycle helic-script-resources@1.0.0~prelint: no script for prelint, continuing
7 info lifecycle helic-script-resources@1.0.0~lint: helic-script-resources@1.0.0
8 verbose lifecycle helic-script-resources@1.0.0~lint: unsafe-perm in lifecycle true
9 verbose lifecycle helic-script-resources@1.0.0~lint: PATH: /home/vagrant/.nvm/versions/node/v6.7.0/lib/node_modules/npm/bin/node-gyp-bin:/home/vagrant/github/helic-resources/scripts/node_modules/.bin:/home/vagrant/.nvm/versions/node/v6.7.0/bin:/home/vagrant/.rvm/gems/ruby-2.3.0/bin:/home/vagrant/.rvm/gems/ruby-2.3.0@global/bin:/home/vagrant/.rvm/rubies/ruby-2.3.0/bin:/home/vagrant/.nvm/versions/node/v6.7.0/bin:/home/vagrant/.npm-packages/bin:/home/vagrant/dotfiles/bin:/usr/local/sbin:/usr/local/bin:/usr/sbin:/usr/bin:/sbin:/bin:/usr/games:/usr/local/games:/home/vagrant/.fzf/bin:/home/vagrant/dotfiles/bin:/home/vagrant/.rvm/bin
10 verbose lifecycle helic-script-resources@1.0.0~lint: CWD: /home/vagrant/github/helic-resources/scripts
11 silly lifecycle helic-script-resources@1.0.0~lint: Args: [ '-c', 'eslint src test --ext .js --ext .jsx' ]
12 silly lifecycle helic-script-resources@1.0.0~lint: Returned: code: 1  signal: null
13 info lifecycle helic-script-resources@1.0.0~lint: Failed to exec lint script
14 verbose stack Error: helic-script-resources@1.0.0 lint: `eslint src test --ext .js --ext .jsx`
14 verbose stack Exit status 1
14 verbose stack     at EventEmitter.<anonymous> (/home/vagrant/.nvm/versions/node/v6.7.0/lib/node_modules/npm/lib/utils/lifecycle.js:242:16)
14 verbose stack     at emitTwo (events.js:106:13)
14 verbose stack     at EventEmitter.emit (events.js:191:7)
14 verbose stack     at ChildProcess.<anonymous> (/home/vagrant/.nvm/versions/node/v6.7.0/lib/node_modules/npm/lib/utils/spawn.js:40:14)
14 verbose stack     at emitTwo (events.js:106:13)
14 verbose stack     at ChildProcess.emit (events.js:191:7)
14 verbose stack     at maybeClose (internal/child_process.js:877:16)
14 verbose stack     at Process.ChildProcess._handle.onexit (internal/child_process.js:226:5)
15 verbose pkgid helic-script-resources@1.0.0
16 verbose cwd /home/vagrant/github/helic-resources/scripts
17 error Linux 3.13.0-96-generic
18 error argv "/home/vagrant/.nvm/versions/node/v6.7.0/bin/node" "/home/vagrant/.nvm/versions/node/v6.7.0/bin/npm" "run" "lint"
19 error node v6.7.0
20 error npm  v3.10.3
21 error code ELIFECYCLE
22 error helic-script-resources@1.0.0 lint: `eslint src test --ext .js --ext .jsx`
22 error Exit status 1
23 error Failed at the helic-script-resources@1.0.0 lint script 'eslint src test --ext .js --ext .jsx'.
23 error Make sure you have the latest version of node.js and npm installed.
23 error If you do, this is most likely a problem with the helic-script-resources package,
23 error not with npm itself.
23 error Tell the author that this fails on your system:
23 error     eslint src test --ext .js --ext .jsx
23 error You can get information on how to open an issue for this project with:
23 error     npm bugs helic-script-resources
23 error Or if that isn't available, you can get their info via:
23 error     npm owner ls helic-script-resources
23 error There is likely additional logging output above.
24 verbose exit [ 1, true ]
